<?xml version="1.0" encoding="UTF-8"?>
<!-- Generated by org.testng.reporters.JUnitReportReporter -->
<testsuite hostname="lenovo-laptop-Abrenica" failures="0" tests="1" name="SwagLabs_Automation.Swag_Labs_Cart_functionality" time="5.517" errors="0" timestamp="2025-03-28T18:34:49 PST" skipped="0">
  <testcase classname="SwagLabs_Automation.Swag_Labs_Cart_functionality" name="Test_case19" time="5.517"/>
</testsuite> <!-- SwagLabs_Automation.Swag_Labs_Cart_functionality -->
