<?xml version="1.0" encoding="UTF-8"?>
<!-- Generated by org.testng.reporters.JUnitReportReporter -->
<testsuite hostname="lenovo-laptop-Abrenica" failures="0" tests="2" name="SwagLabs_Automation.Order_Completion" time="3.019" errors="0" timestamp="2025-04-07T16:52:26 PST" skipped="0">
  <testcase classname="SwagLabs_Automation.Order_Completion" name="Testcase5354" time="2.068"/>
  <testcase classname="SwagLabs_Automation.Order_Completion" name="Testcase5556" time="0.951"/>
</testsuite> <!-- SwagLabs_Automation.Order_Completion -->
