<?xml version="1.0" encoding="UTF-8"?>
<!-- Generated by org.testng.reporters.JUnitReportReporter -->
<testsuite hostname="lenovo-laptop-Abrenica" failures="0" tests="1" name="SwagLabs_Automation.Swag_Labs__Product_Detail_Page" time="3.517" errors="0" timestamp="2025-03-27T15:44:52 PST" skipped="0">
  <testcase classname="SwagLabs_Automation.Swag_Labs__Product_Detail_Page" name="Testcase27" time="3.517"/>
</testsuite> <!-- SwagLabs_Automation.Swag_Labs__Product_Detail_Page -->
