<?xml version="1.0" encoding="UTF-8"?>
<!-- Generated by org.testng.reporters.JUnitReportReporter -->
<testsuite hostname="lenovo-laptop-Abrenica" failures="0" tests="5" name="SwagLabs_Automation.Checkout_Overview" time="10.300" errors="0" timestamp="2025-04-08T15:48:56 PST" skipped="0">
  <testcase classname="SwagLabs_Automation.Checkout_Overview" name="Testcase51" time="1.649"/>
  <testcase classname="SwagLabs_Automation.Checkout_Overview" name="Testcase49" time="1.560"/>
  <testcase classname="SwagLabs_Automation.Checkout_Overview" name="Testcase52" time="2.014"/>
  <testcase classname="SwagLabs_Automation.Checkout_Overview" name="testcase50" time="1.502"/>
  <testcase classname="SwagLabs_Automation.Checkout_Overview" name="Testcase48" time="3.575"/>
</testsuite> <!-- SwagLabs_Automation.Checkout_Overview -->
