<?xml version="1.0" encoding="UTF-8"?>
<!-- Generated by org.testng.reporters.JUnitReportReporter -->
<testsuite hostname="lenovo-laptop-Abrenica" failures="0" tests="1" name="SwagLabs_Automation.Loginpagewindow" time="8.055" errors="0" timestamp="2025-03-24T11:00:55 PST" skipped="0">
  <testcase classname="SwagLabs_Automation.Loginpagewindow" name="Login" time="8.055"/>
</testsuite> <!-- SwagLabs_Automation.Loginpagewindow -->
