<?xml version="1.0" encoding="UTF-8"?>
<!-- Generated by org.testng.reporters.JUnitReportReporter -->
<testsuite hostname="lenovo-laptop-Abrenica" failures="0" tests="2" name="SwagLabs_Automation.Swag_Labs_Order_Completion" time="8.460" errors="0" timestamp="2025-03-28T11:37:08 PST" skipped="0">
  <testcase classname="SwagLabs_Automation.Swag_Labs_Order_Completion" name="Testcase5556" time="4.082"/>
  <testcase classname="SwagLabs_Automation.Swag_Labs_Order_Completion" name="Testcase5354" time="4.378"/>
</testsuite> <!-- SwagLabs_Automation.Swag_Labs_Order_Completion -->
