<?xml version="1.0" encoding="UTF-8"?>
<!-- Generated by org.testng.reporters.JUnitReportReporter -->
<testsuite hostname="lenovo-laptop-Abrenica" failures="0" tests="1" name="SwagLabs_Automation.Swag_Labs" time="1.405" errors="0" timestamp="2025-03-24T16:43:07 PST" skipped="0">
  <testcase classname="SwagLabs_Automation.Swag_Labs" name="Test_case8" time="1.405"/>
</testsuite> <!-- SwagLabs_Automation.Swag_Labs -->
