<?xml version="1.0" encoding="UTF-8"?>
<!-- Generated by org.testng.reporters.JUnitReportReporter -->
<testsuite hostname="lenovo-laptop-Abrenica" failures="0" tests="5" name="SwagLabs_Automation.Checkout_Overview" time="28.851" errors="0" timestamp="2025-04-07T16:52:26 PST" skipped="0">
  <testcase classname="SwagLabs_Automation.Checkout_Overview" name="Testcase48" time="22.980"/>
  <testcase classname="SwagLabs_Automation.Checkout_Overview" name="testcase50" time="0.930"/>
  <testcase classname="SwagLabs_Automation.Checkout_Overview" name="Testcase52" time="1.514"/>
  <testcase classname="SwagLabs_Automation.Checkout_Overview" name="Testcase49" time="1.890"/>
  <testcase classname="SwagLabs_Automation.Checkout_Overview" name="Testcase51" time="1.537"/>
</testsuite> <!-- SwagLabs_Automation.Checkout_Overview -->
