<?xml version="1.0" encoding="UTF-8"?>
<!-- Generated by org.testng.reporters.JUnitReportReporter -->
<testsuite hostname="lenovo-laptop-Abrenica" failures="0" tests="5" name="SwagLabs_Automation.Product_detail" time="35.648" errors="0" timestamp="2025-04-07T16:52:26 PST" skipped="0">
  <testcase classname="SwagLabs_Automation.Product_detail" name="test_case25" time="24.083"/>
  <testcase classname="SwagLabs_Automation.Product_detail" name="test_case26" time="2.792"/>
  <testcase classname="SwagLabs_Automation.Product_detail" name="test_case27" time="2.810"/>
  <testcase classname="SwagLabs_Automation.Product_detail" name="test_case23" time="2.496"/>
  <testcase classname="SwagLabs_Automation.Product_detail" name="test_case24" time="3.467"/>
</testsuite> <!-- SwagLabs_Automation.Product_detail -->
