<?xml version="1.0" encoding="UTF-8"?>
<!-- Generated by org.testng.reporters.JUnitReportReporter -->
<testsuite hostname="lenovo-laptop-Abrenica" failures="0" tests="1" name="SwagLabs_Automation.Product_Listing" time="9.729" errors="0" timestamp="2025-04-08T15:50:58 PST" skipped="0">
  <testcase classname="SwagLabs_Automation.Product_Listing" name="testCase13_VerifyProductDetails" time="9.729"/>
</testsuite> <!-- SwagLabs_Automation.Product_Listing -->
