<?xml version="1.0" encoding="UTF-8"?>
<!-- Generated by org.testng.reporters.JUnitReportReporter -->
<testsuite hostname="lenovo-laptop-Abrenica" failures="0" tests="4" name="SwagLabs_Automation.Cart_functionality" time="13.692" errors="0" timestamp="2025-04-07T16:52:26 PST" skipped="0">
  <testcase classname="SwagLabs_Automation.Cart_functionality" name="Testcase22" time="5.388"/>
  <testcase classname="SwagLabs_Automation.Cart_functionality" name="Test_case19" time="1.550"/>
  <testcase classname="SwagLabs_Automation.Cart_functionality" name="Test_case20" time="3.866"/>
  <testcase classname="SwagLabs_Automation.Cart_functionality" name="Testcase21" time="2.888"/>
</testsuite> <!-- SwagLabs_Automation.Cart_functionality -->
