<?xml version="1.0" encoding="UTF-8"?>
<!-- Generated by org.testng.reporters.JUnitReportReporter -->
<testsuite hostname="lenovo-laptop-Abrenica" failures="0" tests="7" name="SwagLabs_Automation.Product_Listing" time="72.519" errors="0" timestamp="2025-04-07T16:52:26 PST" skipped="0">
  <testcase classname="SwagLabs_Automation.Product_Listing" name="testCase17_SortByPriceLowToHigh" time="3.096"/>
  <testcase classname="SwagLabs_Automation.Product_Listing" name="testCase12_AllProductsDisplayed" time="4.198"/>
  <testcase classname="SwagLabs_Automation.Product_Listing" name="testCase14_AddToCartButtonFunctionality" time="3.246"/>
  <testcase classname="SwagLabs_Automation.Product_Listing" name="testCase18_SortByPriceHighToLow" time="27.429"/>
  <testcase classname="SwagLabs_Automation.Product_Listing" name="testCase11_ProductListingPageAccess" time="3.166"/>
  <testcase classname="SwagLabs_Automation.Product_Listing" name="testCase13_VerifyProductDetails" time="27.979"/>
  <testcase classname="SwagLabs_Automation.Product_Listing" name="testCase15_SortByNameZtoA" time="3.405"/>
</testsuite> <!-- SwagLabs_Automation.Product_Listing -->
