<?xml version="1.0" encoding="UTF-8"?>
<!-- Generated by org.testng.reporters.JUnitReportReporter -->
<testsuite hostname="lenovo-laptop-Abrenica" failures="0" tests="8" name="SwagLabs_Automation.Swag_Labs_Login_functionality" time="3.731" errors="0" timestamp="2025-03-25T15:34:50 PST" skipped="0">
  <testcase classname="SwagLabs_Automation.Swag_Labs_Login_functionality" name="Test_case4" time="0.248"/>
  <testcase classname="SwagLabs_Automation.Swag_Labs_Login_functionality" name="Test_case7" time="0.223"/>
  <testcase classname="SwagLabs_Automation.Swag_Labs_Login_functionality" name="Test_case9" time="0.255"/>
  <testcase classname="SwagLabs_Automation.Swag_Labs_Login_functionality" name="Test_case3" time="0.081"/>
  <testcase classname="SwagLabs_Automation.Swag_Labs_Login_functionality" name="Test_case5" time="0.256"/>
  <testcase classname="SwagLabs_Automation.Swag_Labs_Login_functionality" name="Test_case6" time="0.218"/>
  <testcase classname="SwagLabs_Automation.Swag_Labs_Login_functionality" name="Test_case8" time="0.218"/>
  <testcase classname="SwagLabs_Automation.Swag_Labs_Login_functionality" name="Test_case10" time="2.232"/>
</testsuite> <!-- SwagLabs_Automation.Swag_Labs_Login_functionality -->
