<?xml version="1.0" encoding="UTF-8"?>
<!-- Generated by org.testng.reporters.JUnitReportReporter -->
<testsuite hostname="lenovo-laptop-Abrenica" failures="0" tests="8" name="SwagLabs_Automation.Login_functionality" time="69.135" errors="0" timestamp="2025-04-07T16:52:26 PST" skipped="0">
  <testcase classname="SwagLabs_Automation.Login_functionality" name="testCase8_BlankFields" time="25.005"/>
  <testcase classname="SwagLabs_Automation.Login_functionality" name="testCase4_WrongPassword" time="24.219"/>
  <testcase classname="SwagLabs_Automation.Login_functionality" name="testCase5_WrongUsername" time="4.173"/>
  <testcase classname="SwagLabs_Automation.Login_functionality" name="testCase9_SuccessfulLogin" time="3.487"/>
  <testcase classname="SwagLabs_Automation.Login_functionality" name="testCase10_LockedOutUser" time="4.126"/>
  <testcase classname="SwagLabs_Automation.Login_functionality" name="testCase7_BlankPassword" time="2.715"/>
  <testcase classname="SwagLabs_Automation.Login_functionality" name="testCase3_GeneralSetupVerification" time="2.537"/>
  <testcase classname="SwagLabs_Automation.Login_functionality" name="testCase6_BlankUsername" time="2.873"/>
</testsuite> <!-- SwagLabs_Automation.Login_functionality -->
