<?xml version="1.0" encoding="UTF-8"?>
<!-- Generated by org.testng.reporters.JUnitReportReporter -->
<testsuite hostname="lenovo-laptop-Abrenica" failures="0" tests="8" name="SwagLabs_Automation.Cart_Page_Verification" time="74.587" errors="0" timestamp="2025-04-07T16:52:26 PST" skipped="0">
  <testcase classname="SwagLabs_Automation.Cart_Page_Verification" name="Testcase28" time="2.441"/>
  <testcase classname="SwagLabs_Automation.Cart_Page_Verification" name="Testcase29" time="23.805"/>
  <testcase classname="SwagLabs_Automation.Cart_Page_Verification" name="Testcase30" time="8.537"/>
  <testcase classname="SwagLabs_Automation.Cart_Page_Verification" name="Testcase33" time="3.939"/>
  <testcase classname="SwagLabs_Automation.Cart_Page_Verification" name="Testcase31" time="2.946"/>
  <testcase classname="SwagLabs_Automation.Cart_Page_Verification" name="Testcase34" time="23.766"/>
  <testcase classname="SwagLabs_Automation.Cart_Page_Verification" name="Testcase35" time="3.385"/>
  <testcase classname="SwagLabs_Automation.Cart_Page_Verification" name="Testcase36" time="5.768"/>
</testsuite> <!-- SwagLabs_Automation.Cart_Page_Verification -->
