<?xml version="1.0" encoding="UTF-8"?>
<!-- Generated by org.testng.reporters.JUnitReportReporter -->
<testsuite hostname="lenovo-laptop-Abrenica" failures="0" tests="7" name="SwagLabs_Automation.Swag_Labs_Product_Listing" time="38.762" errors="0" timestamp="2025-03-28T18:13:55 PST" skipped="0">
  <testcase classname="SwagLabs_Automation.Swag_Labs_Product_Listing" name="Test_case12" time="0.428"/>
  <testcase classname="SwagLabs_Automation.Swag_Labs_Product_Listing" name="TestCase14" time="5.921"/>
  <testcase classname="SwagLabs_Automation.Swag_Labs_Product_Listing" name="Testcase17" time="5.652"/>
  <testcase classname="SwagLabs_Automation.Swag_Labs_Product_Listing" name="testCase15" time="7.198"/>
  <testcase classname="SwagLabs_Automation.Swag_Labs_Product_Listing" name="Test_case11" time="5.023"/>
  <testcase classname="SwagLabs_Automation.Swag_Labs_Product_Listing" name="TestCase13" time="9.656"/>
  <testcase classname="SwagLabs_Automation.Swag_Labs_Product_Listing" name="Testcase18" time="4.884"/>
</testsuite> <!-- SwagLabs_Automation.Swag_Labs_Product_Listing -->
